<?xml version="1.0" encoding="UTF-8"?>
<testsuites name="ETLCases" time="82" tests="2" failures="0" errors="0">
   <testsuite name="ETLCases" tests="2" failures="0" errors="0" time="82" timestamp="2019-12-07 08:31:37" hostname="chandu.t - wlpt518.imidomain.com" id="Test Suites/ETLCases">
      <properties>
         <property name="deviceName" value=""/>
         <property name="devicePlatform" value=""/>
         <property name="logFolder" value="C:\\Users\\chandu.t\\Katalon Studio\\QB_Automation\\Reports\\ETLCases\\20191207_083133"/>
         <property name="logFiles" value="C:\\Users\\chandu.t\\Katalon Studio\\QB_Automation\\Reports\\ETLCases\\20191207_083133\\execution0.log"/>
         <property name="attachments" value="C:\\Users\\chandu.t\\Katalon Studio\\QB_Automation\\Reports\\ETLCases\\20191207_083133\\1575687735193.png, C:\\Users\\chandu.t\\Katalon Studio\\QB_Automation\\Reports\\ETLCases\\20191207_083133\\1575687777823.png"/>
         <property name="hostName" value="chandu.t - wlpt518.imidomain.com"/>
         <property name="os" value="Windows 10 64bit"/>
         <property name="katalonVersion" value="5.8.2.1"/>
         <property name="browser" value="Chrome 78.0.3904.108"/>
         <property name="hostAddress" value="172.16.41.37"/>
         <property name="sessionId" value="799925741a628731a567581061c82619"/>
         <property name="seleniumVersion" value="3.7.1"/>
         <property name="proxyInformation" value="ProxyInformation{proxyOption=NO_PROXY, proxyServerType=HTTP, password=, proxyServerAddress=, proxyServerPort=0}"/>
         <property name="platform" value="Windows 10"/>
      </properties>
      <testcase name="Test Cases/BasicETL" classname="Test Cases/BasicETL" status="PASSED">
         <system-out><![CDATA[2019-12-07 08:31:37 - [TEST_CASE][PASSED] - Test Cases/BasicETL: Test Cases/BasicETL

2019-12-07 08:31:38 - [TEST_STEP][PASSED] - openBrowser: Browser is opened with url: 'https://touchstone1.imicampaign.io/BMSUI'

2019-12-07 08:31:46 - [MESSAGE][PASSED] - Browser is opened with url: 'https://touchstone1.imicampaign.io/BMSUI'

2019-12-07 08:31:46 - [TEST_STEP][PASSED] - maximizeWindow: Current window maximized

2019-12-07 08:31:48 - [MESSAGE][PASSED] - Current window maximized

2019-12-07 08:31:48 - [TEST_STEP][PASSED] - setText: Text 'chandu.t@imimobile.com' is set on object 'Object Repository/Page_IMIcampaign/Username'

2019-12-07 08:31:49 - [MESSAGE][PASSED] - Text 'chandu.t@imimobile.com' is set on object 'Object Repository/Page_IMIcampaign/Username'

2019-12-07 08:31:49 - [TEST_STEP][PASSED] - setText: Text 'Qazwsxedc!123' is set on object 'Object Repository/Page_IMIcampaign/Password'

2019-12-07 08:31:50 - [MESSAGE][PASSED] - Text 'Qazwsxedc!123' is set on object 'Object Repository/Page_IMIcampaign/Password'

2019-12-07 08:31:50 - [TEST_STEP][PASSED] - click: Object: 'Object Repository/Page_IMIcampaign/Signin' is clicked on

2019-12-07 08:31:53 - [MESSAGE][PASSED] - Object: 'Object Repository/Page_IMIcampaign/Signin' is clicked on

2019-12-07 08:31:53 - [TEST_STEP][PASSED] - click: Object: 'Object Repository/Page_IMIcampaign/DataManagementButton' is clicked on

2019-12-07 08:31:56 - [MESSAGE][PASSED] - Object: 'Object Repository/Page_IMIcampaign/DataManagementButton' is clicked on

2019-12-07 08:31:56 - [TEST_STEP][PASSED] - mouseOver: Object: 'Object Repository/Page_IMIcampaign/DataIngestionButton' is hovered

2019-12-07 08:31:56 - [MESSAGE][PASSED] - Object: 'Object Repository/Page_IMIcampaign/DataIngestionButton' is hovered

2019-12-07 08:31:56 - [TEST_STEP][PASSED] - click: Object: 'Object Repository/Page_IMIcampaign/FeedETLButton' is clicked on

2019-12-07 08:31:58 - [MESSAGE][PASSED] - Object: 'Object Repository/Page_IMIcampaign/FeedETLButton' is clicked on

2019-12-07 08:31:58 - [TEST_STEP][PASSED] - click: Object: 'Object Repository/Page_IMIcampaign/AddNewETLButton' is clicked on

2019-12-07 08:31:58 - [MESSAGE][PASSED] - Object: 'Object Repository/Page_IMIcampaign/AddNewETLButton' is clicked on

2019-12-07 08:31:58 - [TEST_STEP][PASSED] - delay: Delayed 5 second(s)

2019-12-07 08:32:03 - [MESSAGE][PASSED] - Delayed 5 second(s)

2019-12-07 08:32:03 - [TEST_STEP][PASSED] - setText: Text 'ETL_Basic_201912070832' is set on object 'Object Repository/Page_IMIcampaign/DataStoreName'

2019-12-07 08:32:05 - [MESSAGE][PASSED] - Text 'ETL_Basic_201912070832' is set on object 'Object Repository/Page_IMIcampaign/DataStoreName'

2019-12-07 08:32:05 - [TEST_STEP][PASSED] - setText: Text 'Every 60 Minutes' is set on object 'Object Repository/Page_IMIcampaign/ETLSchedule'

2019-12-07 08:32:06 - [MESSAGE][PASSED] - Text 'Every 60 Minutes' is set on object 'Object Repository/Page_IMIcampaign/ETLSchedule'

2019-12-07 08:32:06 - [TEST_STEP][PASSED] - setText: Text '/apps/datafiles_1/PM/TESTDATA/ETLFiles/BasicETL/201912070832/' is set on object 'Object Repository/Page_IMIcampaign/DataStoreLocation'

2019-12-07 08:32:08 - [MESSAGE][PASSED] - Text '/apps/datafiles_1/PM/TESTDATA/ETLFiles/BasicETL/201912070832/' is set on object 'Object Repository/Page_IMIcampaign/DataStoreLocation'

2019-12-07 08:32:08 - [TEST_STEP][PASSED] - click: Object: 'Object Repository/Page_IMIcampaign/BrowseSampleFileAccordion' is clicked on

2019-12-07 08:32:08 - [MESSAGE][PASSED] - Object: 'Object Repository/Page_IMIcampaign/BrowseSampleFileAccordion' is clicked on

2019-12-07 08:32:08 - [TEST_STEP][PASSED] - uploadFile: File 'C:\Users\chandu.t\Desktop\ETLFiles\BasicETL\basictg.txt' sent to object: 'Object Repository/Page_IMIcampaign/UploadComputerFile'

2019-12-07 08:32:09 - [MESSAGE][PASSED] - File 'C:\Users\chandu.t\Desktop\ETLFiles\BasicETL\basictg.txt' sent to object: 'Object Repository/Page_IMIcampaign/UploadComputerFile'

2019-12-07 08:32:09 - [TEST_STEP][PASSED] - delay: Delayed 2 second(s)

2019-12-07 08:32:11 - [MESSAGE][PASSED] - Delayed 2 second(s)

2019-12-07 08:32:11 - [TEST_STEP][PASSED] - click: Object: 'Object Repository/Page_IMIcampaign/SaveETL' is clicked on

2019-12-07 08:32:12 - [MESSAGE][PASSED] - Object: 'Object Repository/Page_IMIcampaign/SaveETL' is clicked on

2019-12-07 08:32:12 - [TEST_STEP][PASSED] - delay: Delayed 3 second(s)

2019-12-07 08:32:15 - [MESSAGE][PASSED] - Delayed 3 second(s)

2019-12-07 08:32:15 - [TEST_STEP][PASSED] - takeScreenshot: Taking screenshot successfully

2019-12-07 08:32:15 - [MESSAGE][PASSED] - Taking screenshot successfully
[[ATTACHMENT|C:\\Users\\chandu.t\\Katalon Studio\\QB_Automation\\Reports\\ETLCases\\20191207_083133\\1575687735193.png]]

2019-12-07 08:32:15 - [TEST_STEP][PASSED] - closeBrowser: Browser is closed

2019-12-07 08:32:16 - [MESSAGE][PASSED] - Browser is closed]]></system-out>
         <system-err><![CDATA[]]></system-err>
      </testcase>
      <testcase name="Test Cases/ETLFlushLoad" classname="Test Cases/ETLFlushLoad" status="PASSED">
         <system-out><![CDATA[2019-12-07 08:32:16 - [TEST_CASE][PASSED] - Test Cases/ETLFlushLoad: Test Cases/ETLFlushLoad

2019-12-07 08:32:17 - [TEST_STEP][PASSED] - openBrowser: Browser is opened with url: 'https://touchstone1.imicampaign.io/BMSUI'

2019-12-07 08:32:23 - [MESSAGE][PASSED] - Browser is opened with url: 'https://touchstone1.imicampaign.io/BMSUI'

2019-12-07 08:32:23 - [TEST_STEP][PASSED] - maximizeWindow: Current window maximized

2019-12-07 08:32:24 - [MESSAGE][PASSED] - Current window maximized

2019-12-07 08:32:24 - [TEST_STEP][PASSED] - setText: Text 'chandu.t@imimobile.com' is set on object 'Object Repository/Page_IMIcampaign/Username'

2019-12-07 08:32:24 - [MESSAGE][PASSED] - Text 'chandu.t@imimobile.com' is set on object 'Object Repository/Page_IMIcampaign/Username'

2019-12-07 08:32:24 - [TEST_STEP][PASSED] - setText: Text 'Qazwsxedc!123' is set on object 'Object Repository/Page_IMIcampaign/Password'

2019-12-07 08:32:25 - [MESSAGE][PASSED] - Text 'Qazwsxedc!123' is set on object 'Object Repository/Page_IMIcampaign/Password'

2019-12-07 08:32:25 - [TEST_STEP][PASSED] - click: Object: 'Object Repository/Page_IMIcampaign/Signin' is clicked on

2019-12-07 08:32:28 - [MESSAGE][PASSED] - Object: 'Object Repository/Page_IMIcampaign/Signin' is clicked on

2019-12-07 08:32:28 - [TEST_STEP][PASSED] - click: Object: 'Object Repository/Page_IMIcampaign/DataManagementButton' is clicked on

2019-12-07 08:32:34 - [MESSAGE][PASSED] - Object: 'Object Repository/Page_IMIcampaign/DataManagementButton' is clicked on

2019-12-07 08:32:34 - [TEST_STEP][PASSED] - mouseOver: Object: 'Object Repository/Page_IMIcampaign/DataIngestionButton' is hovered

2019-12-07 08:32:34 - [MESSAGE][PASSED] - Object: 'Object Repository/Page_IMIcampaign/DataIngestionButton' is hovered

2019-12-07 08:32:34 - [TEST_STEP][PASSED] - click: Object: 'Object Repository/Page_IMIcampaign/FeedETLButton' is clicked on

2019-12-07 08:32:36 - [MESSAGE][PASSED] - Object: 'Object Repository/Page_IMIcampaign/FeedETLButton' is clicked on

2019-12-07 08:32:36 - [TEST_STEP][PASSED] - click: Object: 'Object Repository/Page_IMIcampaign/AddNewETLButton' is clicked on

2019-12-07 08:32:36 - [MESSAGE][PASSED] - Object: 'Object Repository/Page_IMIcampaign/AddNewETLButton' is clicked on

2019-12-07 08:32:36 - [TEST_STEP][PASSED] - delay: Delayed 5 second(s)

2019-12-07 08:32:41 - [MESSAGE][PASSED] - Delayed 5 second(s)

2019-12-07 08:32:41 - [TEST_STEP][PASSED] - setText: Text 'ETL_Flush_Load_201912070832' is set on object 'Object Repository/Page_IMIcampaign/DataStoreName'

2019-12-07 08:32:42 - [MESSAGE][PASSED] - Text 'ETL_Flush_Load_201912070832' is set on object 'Object Repository/Page_IMIcampaign/DataStoreName'

2019-12-07 08:32:42 - [TEST_STEP][PASSED] - setText: Text 'Every 60 Minutes' is set on object 'Object Repository/Page_IMIcampaign/ETLSchedule'

2019-12-07 08:32:43 - [MESSAGE][PASSED] - Text 'Every 60 Minutes' is set on object 'Object Repository/Page_IMIcampaign/ETLSchedule'

2019-12-07 08:32:43 - [TEST_STEP][PASSED] - setText: Text '/apps/datafiles_1/PM/TESTDATA/ETLFiles/Flush_Load/201912070832/' is set on object 'Object Repository/Page_IMIcampaign/DataStoreLocation'

2019-12-07 08:32:45 - [MESSAGE][PASSED] - Text '/apps/datafiles_1/PM/TESTDATA/ETLFiles/Flush_Load/201912070832/' is set on object 'Object Repository/Page_IMIcampaign/DataStoreLocation'

2019-12-07 08:32:45 - [TEST_STEP][PASSED] - click: Object: 'Object Repository/Page_IMIcampaign/BrowseSampleFileAccordion' is clicked on

2019-12-07 08:32:45 - [MESSAGE][PASSED] - Object: 'Object Repository/Page_IMIcampaign/BrowseSampleFileAccordion' is clicked on

2019-12-07 08:32:45 - [TEST_STEP][PASSED] - uploadFile: File 'C:\Users\chandu.t\Desktop\ETLFiles\Flush_Load\FlushLoad1.txt' sent to object: 'Object Repository/Page_IMIcampaign/UploadComputerFile'

2019-12-07 08:32:45 - [MESSAGE][PASSED] - File 'C:\Users\chandu.t\Desktop\ETLFiles\Flush_Load\FlushLoad1.txt' sent to object: 'Object Repository/Page_IMIcampaign/UploadComputerFile'

2019-12-07 08:32:45 - [TEST_STEP][PASSED] - delay: Delayed 5 second(s)

2019-12-07 08:32:50 - [MESSAGE][PASSED] - Delayed 5 second(s)

2019-12-07 08:32:50 - [TEST_STEP][PASSED] - click: Object: 'Object Repository/Page_IMIcampaign/RecommendedSettingsAccordion' is clicked on

2019-12-07 08:32:51 - [MESSAGE][PASSED] - Object: 'Object Repository/Page_IMIcampaign/RecommendedSettingsAccordion' is clicked on

2019-12-07 08:32:51 - [TEST_STEP][PASSED] - waitForElementVisible: Object 'Object Repository/Page_IMIcampaign/FlushBeforeLoadButton' is visible

2019-12-07 08:32:51 - [MESSAGE][PASSED] - Object 'Object Repository/Page_IMIcampaign/FlushBeforeLoadButton' is visible

2019-12-07 08:32:51 - [TEST_STEP][PASSED] - click: Object: 'Object Repository/Page_IMIcampaign/FlushBeforeLoadButton' is clicked on

2019-12-07 08:32:51 - [MESSAGE][PASSED] - Object: 'Object Repository/Page_IMIcampaign/FlushBeforeLoadButton' is clicked on

2019-12-07 08:32:51 - [TEST_STEP][PASSED] - click: Object: 'Object Repository/Page_IMIcampaign/SaveETL' is clicked on

2019-12-07 08:32:52 - [MESSAGE][PASSED] - Object: 'Object Repository/Page_IMIcampaign/SaveETL' is clicked on

2019-12-07 08:32:52 - [TEST_STEP][PASSED] - delay: Delayed 5 second(s)

2019-12-07 08:32:57 - [MESSAGE][PASSED] - Delayed 5 second(s)

2019-12-07 08:32:57 - [TEST_STEP][PASSED] - takeScreenshot: Taking screenshot successfully

2019-12-07 08:32:58 - [MESSAGE][PASSED] - Taking screenshot successfully
[[ATTACHMENT|C:\\Users\\chandu.t\\Katalon Studio\\QB_Automation\\Reports\\ETLCases\\20191207_083133\\1575687777823.png]]

2019-12-07 08:32:58 - [TEST_STEP][PASSED] - closeBrowser: Browser is closed

2019-12-07 08:32:59 - [MESSAGE][PASSED] - Browser is closed]]></system-out>
         <system-err><![CDATA[]]></system-err>
      </testcase>
      <system-out><![CDATA[2019-12-07 08:31:37 - [TEST_SUITE][PASSED] - ETLCases: Test Cases/ETLFlushLoad]]></system-out>
      <system-err><![CDATA[]]></system-err>
   </testsuite>
</testsuites>
