<?xml version="1.0" encoding="UTF-8"?>
<testsuites name="ETLCases" time="61" tests="1" failures="0" errors="0">
   <testsuite name="ETLCases" tests="1" failures="0" errors="0" time="61" timestamp="2019-12-09 21:47:52" hostname="chandu.t - wlpt518.imidomain.com" id="Test Suites/ETLCases">
      <properties>
         <property name="deviceName" value=""/>
         <property name="devicePlatform" value=""/>
         <property name="logFolder" value="C:\\Users\\chandu.t\\Katalon Studio\\QB_Automation\\Reports\\ETLCases\\20191209_214748"/>
         <property name="logFiles" value="C:\\Users\\chandu.t\\Katalon Studio\\QB_Automation\\Reports\\ETLCases\\20191209_214748\\execution0.log"/>
         <property name="attachments" value="C:\\Users\\chandu.t\\Katalon Studio\\QB_Automation\\Reports\\ETLCases\\20191209_214748\\1575908331181.png"/>
         <property name="hostName" value="chandu.t - wlpt518.imidomain.com"/>
         <property name="os" value="Windows 10 64bit"/>
         <property name="katalonVersion" value="5.8.2.1"/>
         <property name="browser" value="Chrome 78.0.3904.108"/>
         <property name="hostAddress" value="172.16.41.19"/>
         <property name="sessionId" value="3566ef509aad7958192c1190e50d7f31"/>
         <property name="seleniumVersion" value="3.7.1"/>
         <property name="proxyInformation" value="ProxyInformation{proxyOption=NO_PROXY, proxyServerType=HTTP, password=, proxyServerAddress=, proxyServerPort=0}"/>
         <property name="platform" value="Windows 10"/>
      </properties>
      <testcase name="Test Cases/ETLUpdate1" classname="Test Cases/ETLUpdate1" status="PASSED">
         <system-out><![CDATA[2019-12-09 21:47:52 - [TEST_CASE][PASSED] - Test Cases/ETLUpdate1: Test Cases/ETLUpdate1

2019-12-09 21:47:53 - [TEST_STEP][PASSED] - openBrowser: Browser is opened with url: 'https://touchstone1.imicampaign.io/BMSUI'

2019-12-09 21:48:02 - [MESSAGE][PASSED] - Browser is opened with url: 'https://touchstone1.imicampaign.io/BMSUI'

2019-12-09 21:48:02 - [TEST_STEP][PASSED] - maximizeWindow: Current window maximized

2019-12-09 21:48:03 - [MESSAGE][PASSED] - Current window maximized

2019-12-09 21:48:03 - [TEST_STEP][PASSED] - setText: Text 'chandu.t@imimobile.com' is set on object 'Object Repository/Page_IMIcampaign/Username'

2019-12-09 21:48:04 - [MESSAGE][PASSED] - Text 'chandu.t@imimobile.com' is set on object 'Object Repository/Page_IMIcampaign/Username'

2019-12-09 21:48:04 - [TEST_STEP][PASSED] - setText: Text 'Qazwsxedc!123' is set on object 'Object Repository/Page_IMIcampaign/Password'

2019-12-09 21:48:04 - [MESSAGE][PASSED] - Text 'Qazwsxedc!123' is set on object 'Object Repository/Page_IMIcampaign/Password'

2019-12-09 21:48:04 - [TEST_STEP][PASSED] - click: Object: 'Object Repository/Page_IMIcampaign/Signin' is clicked on

2019-12-09 21:48:14 - [MESSAGE][PASSED] - Object: 'Object Repository/Page_IMIcampaign/Signin' is clicked on

2019-12-09 21:48:14 - [TEST_STEP][PASSED] - click: Object: 'Object Repository/Page_IMIcampaign/DataManagementButton' is clicked on

2019-12-09 21:48:21 - [MESSAGE][PASSED] - Object: 'Object Repository/Page_IMIcampaign/DataManagementButton' is clicked on

2019-12-09 21:48:21 - [TEST_STEP][PASSED] - mouseOver: Object: 'Object Repository/Page_IMIcampaign/DataIngestionButton' is hovered

2019-12-09 21:48:21 - [MESSAGE][PASSED] - Object: 'Object Repository/Page_IMIcampaign/DataIngestionButton' is hovered

2019-12-09 21:48:21 - [TEST_STEP][PASSED] - click: Object: 'Object Repository/Page_IMIcampaign/FeedETLButton' is clicked on

2019-12-09 21:48:24 - [MESSAGE][PASSED] - Object: 'Object Repository/Page_IMIcampaign/FeedETLButton' is clicked on

2019-12-09 21:48:24 - [TEST_STEP][PASSED] - setText: Text 'ETL_Update_2019120921' is set on object 'Object Repository/Page_IMIcampaign/SeachDataStoreTextbox'

2019-12-09 21:48:26 - [MESSAGE][PASSED] - Text 'ETL_Update_2019120921' is set on object 'Object Repository/Page_IMIcampaign/SeachDataStoreTextbox'

2019-12-09 21:48:26 - [TEST_STEP][PASSED] - click: Object: 'Object Repository/Page_IMIcampaign/SearchDataStoreButton' is clicked on

2019-12-09 21:48:26 - [MESSAGE][PASSED] - Object: 'Object Repository/Page_IMIcampaign/SearchDataStoreButton' is clicked on

2019-12-09 21:48:26 - [TEST_STEP][PASSED] - delay: Delayed 5 second(s)

2019-12-09 21:48:31 - [MESSAGE][PASSED] - Delayed 5 second(s)

2019-12-09 21:48:31 - [TEST_STEP][PASSED] - click: Object: 'Object Repository/Page_IMIcampaign/ClickETLEdit' is clicked on

2019-12-09 21:48:31 - [MESSAGE][PASSED] - Object: 'Object Repository/Page_IMIcampaign/ClickETLEdit' is clicked on

2019-12-09 21:48:31 - [TEST_STEP][PASSED] - click: Object: 'Object Repository/Page_IMIcampaign/AddNewColumnButton' is clicked on

2019-12-09 21:48:44 - [MESSAGE][PASSED] - Object: 'Object Repository/Page_IMIcampaign/AddNewColumnButton' is clicked on

2019-12-09 21:48:44 - [TEST_STEP][PASSED] - setText: Text 'COST5' is set on object 'Object Repository/AddNewColumnPopup/Page_IMIcampaign/FileHeaderNameTextbox'

2019-12-09 21:48:46 - [MESSAGE][PASSED] - Text 'COST5' is set on object 'Object Repository/AddNewColumnPopup/Page_IMIcampaign/FileHeaderNameTextbox'

2019-12-09 21:48:46 - [TEST_STEP][PASSED] - setText: Text 'COST5' is set on object 'Object Repository/AddNewColumnPopup/Page_IMIcampaign/TableColumnNameTextbox'

2019-12-09 21:48:46 - [MESSAGE][PASSED] - Text 'COST5' is set on object 'Object Repository/AddNewColumnPopup/Page_IMIcampaign/TableColumnNameTextbox'

2019-12-09 21:48:47 - [TEST_STEP][PASSED] - selectOptionByLabel: All options with label 'Decimal' are selected in object 'Object Repository/AddNewColumnPopup/Page_IMIcampaign/SelectDataType' 

2019-12-09 21:48:47 - [MESSAGE][PASSED] - All options with label 'Decimal' are selected in object 'Object Repository/AddNewColumnPopup/Page_IMIcampaign/SelectDataType' 

2019-12-09 21:48:47 - [TEST_STEP][PASSED] - click: Object: 'Object Repository/AddNewColumnPopup/Page_IMIcampaign/AddNewColumnSaveProceedButton' is clicked on

2019-12-09 21:48:48 - [MESSAGE][PASSED] - Object: 'Object Repository/AddNewColumnPopup/Page_IMIcampaign/AddNewColumnSaveProceedButton' is clicked on

2019-12-09 21:48:48 - [TEST_STEP][PASSED] - delay: Delayed 3 second(s)

2019-12-09 21:48:51 - [MESSAGE][PASSED] - Delayed 3 second(s)

2019-12-09 21:48:51 - [TEST_STEP][PASSED] - takeScreenshot: Taking screenshot successfully

2019-12-09 21:48:51 - [MESSAGE][PASSED] - Taking screenshot successfully
[[ATTACHMENT|C:\\Users\\chandu.t\\Katalon Studio\\QB_Automation\\Reports\\ETLCases\\20191209_214748\\1575908331181.png]]

2019-12-09 21:48:51 - [TEST_STEP][PASSED] - click: Object: 'Object Repository/Page_IMIcampaign/UpdateETLButton' is clicked on

2019-12-09 21:48:52 - [MESSAGE][PASSED] - Object: 'Object Repository/Page_IMIcampaign/UpdateETLButton' is clicked on

2019-12-09 21:48:52 - [TEST_STEP][PASSED] - closeBrowser: Browser is closed

2019-12-09 21:48:53 - [MESSAGE][PASSED] - Browser is closed]]></system-out>
         <system-err><![CDATA[]]></system-err>
      </testcase>
      <system-out><![CDATA[2019-12-09 21:47:52 - [TEST_SUITE][PASSED] - ETLCases: Test Cases/ETLUpdate1]]></system-out>
      <system-err><![CDATA[]]></system-err>
   </testsuite>
</testsuites>
